<?xml version="1.0" encoding="UTF-8"?>
<!-- Generated by org.testng.reporters.JUnitReportReporter -->
<testsuite hostname="VI-TENXLABS05" name="com.viteos.veda.master.investortestscripts.InvestorMaster_MakerOperations_TS1" tests="1" failures="0" timestamp="10 May 2016 16:27:41 GMT" time="327.868" errors="0">
  <testcase name="addNewInvestorMaster" time="327.868" classname="com.viteos.veda.master.investortestscripts.InvestorMaster_MakerOperations_TS1"/>
</testsuite> <!-- com.viteos.veda.master.investortestscripts.InvestorMaster_MakerOperations_TS1 -->
