<?xml version="1.0" encoding="UTF-8"?>
<!-- Generated by org.testng.reporters.JUnitReportReporter -->
<testsuite hostname="VI-TENXLAB2" name="com.viteos.veda.master.incentivefeetestscripts.IncentiveFeeMaster_MakerModifyOperations_TS3" tests="1" failures="0" timestamp="16 Jan 2016 04:55:05 GMT" time="86.081" errors="0">
  <testcase name="testSearchFunctions" time="86.081" classname="com.viteos.veda.master.incentivefeetestscripts.IncentiveFeeMaster_MakerModifyOperations_TS3"/>
</testsuite> <!-- com.viteos.veda.master.incentivefeetestscripts.IncentiveFeeMaster_MakerModifyOperations_TS3 -->
