<?xml version="1.0" encoding="UTF-8"?>
<!-- Generated by org.testng.reporters.JUnitReportReporter -->
<testsuite hostname="VI-TENXLABS05" name="com.viteos.veda.transaction.switchtestscripts.Switch_CheckerOperations_TS2" tests="1" failures="0" timestamp="30 Apr 2016 13:02:32 GMT" time="190.699" errors="0">
  <testcase name="vefifyCheckerOperations" time="190.699" classname="com.viteos.veda.transaction.switchtestscripts.Switch_CheckerOperations_TS2"/>
</testsuite> <!-- com.viteos.veda.transaction.switchtestscripts.Switch_CheckerOperations_TS2 -->
