<?xml version="1.0" encoding="UTF-8"?>
<!-- Generated by org.testng.reporters.JUnitReportReporter -->
<testsuite hostname="VI-TENXLABS05" name="com.viteos.veda.master.legalentitytestscripts.LegalEntityMaster_MakerOperations_TC1" tests="1" failures="0" timestamp="10 May 2016 10:52:55 GMT" time="51.672" errors="0">
  <testcase name="addNewLegalEntity" time="51.672" classname="com.viteos.veda.master.legalentitytestscripts.LegalEntityMaster_MakerOperations_TC1"/>
</testsuite> <!-- com.viteos.veda.master.legalentitytestscripts.LegalEntityMaster_MakerOperations_TC1 -->
