<?xml version="1.0" encoding="UTF-8"?>
<!-- Generated by org.testng.reporters.JUnitReportReporter -->
<testsuite hostname="VI-TENXLABS05" name="com.viteos.veda.usermanagement.roletestscripts.RoleCreationScript_TC1" tests="1" failures="0" timestamp="19 Feb 2016 10:49:26 GMT" time="63.300" errors="0">
  <testcase name="addNewRole" time="63.300" classname="com.viteos.veda.usermanagement.roletestscripts.RoleCreationScript_TC1"/>
</testsuite> <!-- com.viteos.veda.usermanagement.roletestscripts.RoleCreationScript_TC1 -->
