<?xml version="1.0" encoding="UTF-8"?>
<!-- Generated by org.testng.reporters.JUnitReportReporter -->
<testsuite hostname="VI-TENXLAB1" name="com.viteos.veda.master.classtestscripts.ClassMaster_VerifyClonedAndLEDataForClass_TC7" tests="1" failures="0" timestamp="16 Jan 2016 04:08:54 GMT" time="41.739" errors="0">
  <testcase name="testClonedClassAndPrepopulatedLEData" time="41.739" classname="com.viteos.veda.master.classtestscripts.ClassMaster_VerifyClonedAndLEDataForClass_TC7"/>
</testsuite> <!-- com.viteos.veda.master.classtestscripts.ClassMaster_VerifyClonedAndLEDataForClass_TC7 -->
