<?xml version="1.0" encoding="UTF-8"?>
<!-- Generated by org.testng.reporters.JUnitReportReporter -->
<testsuite hostname="VI-TENXLABS05" name="com.viteos.veda.transaction.tradesearchtestscripts.Trade_Modify_Cancel_Delete_CheckerOperations" tests="1" failures="0" timestamp="11 May 2016 15:47:48 GMT" time="54.966" errors="0">
  <testcase name="testCheckerOperations" time="54.966" classname="com.viteos.veda.transaction.tradesearchtestscripts.Trade_Modify_Cancel_Delete_CheckerOperations"/>
</testsuite> <!-- com.viteos.veda.transaction.tradesearchtestscripts.Trade_Modify_Cancel_Delete_CheckerOperations -->
