<?xml version="1.0" encoding="UTF-8"?>
<!-- Generated by org.testng.reporters.JUnitReportReporter -->
<testsuite hostname="VI-TENXLAB2" name="com.viteos.veda.usermanagement.roletestscripts.TestCase_1" tests="1" failures="0" timestamp="21 Jan 2016 08:56:25 GMT" time="28.698" errors="0">
  <testcase name="addNewRole" time="28.698" classname="com.viteos.veda.usermanagement.roletestscripts.TestCase_1"/>
</testsuite> <!-- com.viteos.veda.usermanagement.roletestscripts.TestCase_1 -->
