<?xml version="1.0" encoding="UTF-8"?>
<!-- Generated by org.testng.reporters.JUnitReportReporter -->
<testsuite hostname="VI-TENXLABS05" name="com.viteos.veda.master.feederredemptiontestscripts.FeederRedemptionMaster_CheckerOperations_TS2" tests="1" failures="0" timestamp="11 May 2016 11:04:32 GMT" time="29.209" errors="0">
  <testcase name="testCheckerOperations" time="29.209" classname="com.viteos.veda.master.feederredemptiontestscripts.FeederRedemptionMaster_CheckerOperations_TS2"/>
</testsuite> <!-- com.viteos.veda.master.feederredemptiontestscripts.FeederRedemptionMaster_CheckerOperations_TS2 -->
