<?xml version="1.0" encoding="UTF-8"?>
<!-- Generated by org.testng.reporters.JUnitReportReporter -->
<testsuite hostname="VI-TENXLAB3" name="com.viteos.veda.master.seriestestscripts.SeriesMaster_MakerOperations_TS1" tests="1" failures="0" timestamp="5 Jan 2016 18:50:58 GMT" time="82.911" errors="0">
  <testcase name="test" time="82.911" classname="com.viteos.veda.master.seriestestscripts.SeriesMaster_MakerOperations_TS1"/>
</testsuite> <!-- com.viteos.veda.master.seriestestscripts.SeriesMaster_MakerOperations_TS1 -->
