<?xml version="1.0" encoding="UTF-8"?>
<!-- Generated by org.testng.reporters.JUnitReportReporter -->
<testsuite hostname="VI-TENXLAB4" name="com.viteos.veda.master.parametertestscripts.ParametersMaster_ModifyMakerOperations_TS5" tests="1" failures="0" timestamp="16 Jan 2016 03:06:16 GMT" time="144.483" errors="0">
  <testcase name="testSearchFunctions" time="144.483" classname="com.viteos.veda.master.parametertestscripts.ParametersMaster_ModifyMakerOperations_TS5"/>
</testsuite> <!-- com.viteos.veda.master.parametertestscripts.ParametersMaster_ModifyMakerOperations_TS5 -->
