<?xml version="1.0" encoding="UTF-8"?>
<!-- Generated by org.testng.reporters.JUnitReportReporter -->
<testsuite hostname="VI-TENXLAB4" name="com.viteos.veda.master.parametertestscripts.ParametersMaster_CheckerOperations_TS4" tests="1" failures="0" timestamp="16 Jan 2016 01:05:27 GMT" time="57.786" errors="0">
  <testcase name="testCheckerOperations" time="57.786" classname="com.viteos.veda.master.parametertestscripts.ParametersMaster_CheckerOperations_TS4"/>
</testsuite> <!-- com.viteos.veda.master.parametertestscripts.ParametersMaster_CheckerOperations_TS4 -->
