<?xml version="1.0" encoding="UTF-8"?>
<!-- Generated by org.testng.reporters.JUnitReportReporter -->
<testsuite hostname="VI-TENXLABS05" name="com.viteos.veda.master.seriestestscripts.SeriesMaster_CheckerOperations_TC2" tests="1" failures="0" timestamp="10 May 2016 14:53:17 GMT" time="187.157" errors="0">
  <testcase name="testCheckerOperations" time="187.157" classname="com.viteos.veda.master.seriestestscripts.SeriesMaster_CheckerOperations_TC2"/>
</testsuite> <!-- com.viteos.veda.master.seriestestscripts.SeriesMaster_CheckerOperations_TC2 -->
