<?xml version="1.0" encoding="UTF-8"?>
<!-- Generated by org.testng.reporters.JUnitReportReporter -->
<testsuite hostname="VI-TENXLABS05" name="com.viteos.veda.transaction.subscriptiontestscripts.SubscriptionCheckerOperation_TS2" tests="1" failures="0" timestamp="31 May 2016 14:29:34 GMT" time="35.265" errors="0">
  <testcase name="vefifyCheckerOperations" time="35.265" classname="com.viteos.veda.transaction.subscriptiontestscripts.SubscriptionCheckerOperation_TS2"/>
</testsuite> <!-- com.viteos.veda.transaction.subscriptiontestscripts.SubscriptionCheckerOperation_TS2 -->
