<?xml version="1.0" encoding="UTF-8"?>
<!-- Generated by org.testng.reporters.JUnitReportReporter -->
<testsuite hostname="VI-TENXLAB1" name="com.viteos.veda.master.legalentitytestscripts.LegalEntityMaster_ModifyCheckerOperations_TC6" tests="1" failures="0" timestamp="28 Dec 2015 13:59:32 GMT" time="1166.554" errors="0">
  <testcase name="testCheckerOperations" time="1166.554" classname="com.viteos.veda.master.legalentitytestscripts.LegalEntityMaster_ModifyCheckerOperations_TC6"/>
</testsuite> <!-- com.viteos.veda.master.legalentitytestscripts.LegalEntityMaster_ModifyCheckerOperations_TC6 -->
