<?xml version="1.0" encoding="UTF-8"?>
<!-- Generated by org.testng.reporters.JUnitReportReporter -->
<testsuite hostname="VI-TENXLABS05" name="com.viteos.veda.transaction.subscriptiontestscripts.CreateSubscription_TestScript_TS1" tests="1" failures="0" timestamp="31 May 2016 14:28:32 GMT" time="59.161" errors="0">
  <testcase name="test" time="59.161" classname="com.viteos.veda.transaction.subscriptiontestscripts.CreateSubscription_TestScript_TS1"/>
</testsuite> <!-- com.viteos.veda.transaction.subscriptiontestscripts.CreateSubscription_TestScript_TS1 -->
