<?xml version="1.0" encoding="UTF-8"?>
<!-- Generated by org.testng.reporters.JUnitReportReporter -->
<testsuite hostname="VI-TENXLABS05" name="com.viteos.veda.usermanagement.roletestscripts.RoleModifyorVerifyScript_TC2" tests="1" failures="0" timestamp="19 Feb 2016 11:09:15 GMT" time="337.202" errors="0">
  <testcase name="modifyCreatedRole" time="337.202" classname="com.viteos.veda.usermanagement.roletestscripts.RoleModifyorVerifyScript_TC2"/>
</testsuite> <!-- com.viteos.veda.usermanagement.roletestscripts.RoleModifyorVerifyScript_TC2 -->
