<?xml version="1.0" encoding="UTF-8"?>
<!-- Generated by org.testng.reporters.JUnitReportReporter -->
<testsuite hostname="VI-TENXLABS05" name="com.viteos.veda.master.openingbalancetestscripts.OpeningBalanceMaster_MakerOperations_TS1" tests="1" failures="0" timestamp="10 May 2016 17:04:04 GMT" time="483.318" errors="0">
  <testcase name="testMakerOperations" time="483.318" classname="com.viteos.veda.master.openingbalancetestscripts.OpeningBalanceMaster_MakerOperations_TS1"/>
</testsuite> <!-- com.viteos.veda.master.openingbalancetestscripts.OpeningBalanceMaster_MakerOperations_TS1 -->
