<?xml version="1.0" encoding="UTF-8"?>
<!-- Generated by org.testng.reporters.JUnitReportReporter -->
<testsuite hostname="VI-TENXLAB2" name="com.viteos.veda.usermanagement.roletestscripts.RoleDeActivateScript_TC3" tests="1" failures="0" timestamp="28 Jan 2016 20:32:33 GMT" time="163.410" errors="0">
  <testcase name="deActivate" time="163.410" classname="com.viteos.veda.usermanagement.roletestscripts.RoleDeActivateScript_TC3"/>
</testsuite> <!-- com.viteos.veda.usermanagement.roletestscripts.RoleDeActivateScript_TC3 -->
