<?xml version="1.0" encoding="UTF-8"?>
<!-- Generated by org.testng.reporters.JUnitReportReporter -->
<testsuite hostname="VI-TENXLAB3" name="com.viteos.veda.master.investoraccountmastertestscripts.InvestorAccountMaster_ModifyMakerOperations_TC2" tests="1" failures="0" timestamp="29 Jan 2016 19:21:40 GMT" time="76.516" errors="0">
  <testcase name="testSearchFunctions" time="76.516" classname="com.viteos.veda.master.investoraccountmastertestscripts.InvestorAccountMaster_ModifyMakerOperations_TC2"/>
</testsuite> <!-- com.viteos.veda.master.investoraccountmastertestscripts.InvestorAccountMaster_ModifyMakerOperations_TC2 -->
