<?xml version="1.0" encoding="UTF-8"?>
<!-- Generated by org.testng.reporters.JUnitReportReporter -->
<testsuite hostname="VI-TENXLAB3" name="com.viteos.veda.master.managementfeetestscripts.ManagementFeeMaster_CheckerOperations_TS2" tests="1" failures="0" timestamp="15 Jan 2016 20:21:23 GMT" time="25.416" errors="0">
  <testcase name="testCheckerOperations" time="25.416" classname="com.viteos.veda.master.managementfeetestscripts.ManagementFeeMaster_CheckerOperations_TS2"/>
</testsuite> <!-- com.viteos.veda.master.managementfeetestscripts.ManagementFeeMaster_CheckerOperations_TS2 -->
