<?xml version="1.0" encoding="UTF-8"?>
<!-- Generated by org.testng.reporters.JUnitReportReporter -->
<testsuite hostname="VI-TENXLAB3" name="com.viteos.veda.master.fftestscripts.FundFamilyMaster_DeactivateCheckerOperations_TC6" tests="1" failures="0" timestamp="13 Jan 2016 18:45:43 GMT" time="170.449" errors="0">
  <testcase name="testCheckerOperations" time="170.449" classname="com.viteos.veda.master.fftestscripts.FundFamilyMaster_DeactivateCheckerOperations_TC6"/>
</testsuite> <!-- com.viteos.veda.master.fftestscripts.FundFamilyMaster_DeactivateCheckerOperations_TC6 -->
