<?xml version="1.0" encoding="UTF-8"?>
<!-- Generated by org.testng.reporters.JUnitReportReporter -->
<testsuite hostname="VI-TENXLABS05" name="com.viteos.veda.transaction.exchangetestscripts.ExchangeCheckerOperation_TS2" tests="1" failures="0" timestamp="11 May 2016 10:21:29 GMT" time="51.277" errors="0">
  <testcase name="vefifyCheckerOperations" time="51.277" classname="com.viteos.veda.transaction.exchangetestscripts.ExchangeCheckerOperation_TS2"/>
</testsuite> <!-- com.viteos.veda.transaction.exchangetestscripts.ExchangeCheckerOperation_TS2 -->
