<?xml version="1.0" encoding="UTF-8"?>
<!-- Generated by org.testng.reporters.JUnitReportReporter -->
<testsuite hostname="VI-TENXLAB3" name="com.viteos.veda.master.formulatestscripts.FormulaSetupMaster_DeActivateMakerOperations_TC5" tests="1" failures="0" timestamp="15 Jan 2016 22:25:46 GMT" time="23.863" errors="0">
  <testcase name="testSearchFunctions" time="23.863" classname="com.viteos.veda.master.formulatestscripts.FormulaSetupMaster_DeActivateMakerOperations_TC5"/>
</testsuite> <!-- com.viteos.veda.master.formulatestscripts.FormulaSetupMaster_DeActivateMakerOperations_TC5 -->
