<?xml version="1.0" encoding="UTF-8"?>
<!-- Generated by org.testng.reporters.JUnitReportReporter -->
<testsuite hostname="VI-TENXLAB2" name="com.viteos.veda.usermanagement.grouptestscripts.Group_DeActivation_TestScript_TC3" tests="1" failures="0" timestamp="28 Jan 2016 20:32:33 GMT" time="184.065" errors="0">
  <testcase name="deActivate" time="184.065" classname="com.viteos.veda.usermanagement.grouptestscripts.Group_DeActivation_TestScript_TC3"/>
</testsuite> <!-- com.viteos.veda.usermanagement.grouptestscripts.Group_DeActivation_TestScript_TC3 -->
