<?xml version="1.0" encoding="UTF-8"?>
<!-- Generated by org.testng.reporters.JUnitReportReporter -->
<testsuite hostname="VI-TENXLAB2" name="com.viteos.veda.master.incentivefeetestscripts.IncentiveFeeMaster_MakerActivateOperations_TS7" tests="1" failures="0" timestamp="16 Jan 2016 04:55:05 GMT" time="29.515" errors="1">
  <testcase name="testSearchFunctions" time="29.515" classname="com.viteos.veda.master.incentivefeetestscripts.IncentiveFeeMaster_MakerActivateOperations_TS7">
    <error type="java.lang.NullPointerException">
      <![CDATA[java.lang.NullPointerException
	at com.viteos.veda.master.incentivefeetestscripts.IncentiveFeeMaster_MakerActivateOperations_TS7.testSearchFunctions(IncentiveFeeMaster_MakerActivateOperations_TS7.java:56)
	at sun.reflect.NativeMethodAccessorImpl.invoke0(Native Method)
	at sun.reflect.NativeMethodAccessorImpl.invoke(Unknown Source)
	at sun.reflect.DelegatingMethodAccessorImpl.invoke(Unknown Source)
	at java.lang.reflect.Method.invoke(Unknown Source)
	at org.testng.internal.MethodInvocationHelper.invokeMethod(MethodInvocationHelper.java:85)
	at org.testng.internal.Invoker.invokeMethod(Invoker.java:639)
	at org.testng.internal.Invoker.invokeTestMethod(Invoker.java:821)
	at org.testng.internal.Invoker.invokeTestMethods(Invoker.java:1131)
	at org.testng.internal.TestMethodWorker.invokeTestMethods(TestMethodWorker.java:124)
	at org.testng.internal.TestMethodWorker.run(TestMethodWorker.java:108)
	at org.testng.TestRunner.privateRun(TestRunner.java:773)
	at org.testng.TestRunner.run(TestRunner.java:623)
	at org.testng.SuiteRunner.runTest(SuiteRunner.java:357)
	at org.testng.SuiteRunner.runSequentially(SuiteRunner.java:352)
	at org.testng.SuiteRunner.privateRun(SuiteRunner.java:310)
	at org.testng.SuiteRunner.run(SuiteRunner.java:259)
	at org.testng.SuiteRunnerWorker.runSuite(SuiteRunnerWorker.java:52)
	at org.testng.SuiteRunnerWorker.run(SuiteRunnerWorker.java:86)
	at org.testng.TestNG.runSuitesSequentially(TestNG.java:1185)
	at org.testng.TestNG.runSuitesLocally(TestNG.java:1110)
	at org.testng.TestNG.run(TestNG.java:1018)
	at com.viteos.veda.testsuites.TestSuite.main(TestSuite.java:97)
]]>
    </error>
  </testcase> <!-- testSearchFunctions -->
</testsuite> <!-- com.viteos.veda.master.incentivefeetestscripts.IncentiveFeeMaster_MakerActivateOperations_TS7 -->
