<?xml version="1.0" encoding="UTF-8"?>
<!-- Generated by org.testng.reporters.JUnitReportReporter -->
<testsuite hostname="VI-TENXLAB3" name="com.viteos.veda.master.formulatestscripts.FormulaSetupMaster_DeActivateCheckerOperations_TC6" tests="1" failures="0" timestamp="15 Jan 2016 22:28:06 GMT" time="21.295" errors="0">
  <testcase name="testCheckerOperations" time="21.295" classname="com.viteos.veda.master.formulatestscripts.FormulaSetupMaster_DeActivateCheckerOperations_TC6"/>
</testsuite> <!-- com.viteos.veda.master.formulatestscripts.FormulaSetupMaster_DeActivateCheckerOperations_TC6 -->
