<?xml version="1.0" encoding="UTF-8"?>
<!-- Generated by org.testng.reporters.JUnitReportReporter -->
<testsuite hostname="VI-TENXLAB1" name="com.viteos.veda.master.classtestscripts.ClassClone_CheckerOperations_TC4" tests="1" failures="0" timestamp="30 Dec 2015 18:31:51 GMT" time="56.710" errors="0">
  <testcase name="testClassCheckerOperationsWithClone" time="56.710" classname="com.viteos.veda.master.classtestscripts.ClassClone_CheckerOperations_TC4"/>
</testsuite> <!-- com.viteos.veda.master.classtestscripts.ClassClone_CheckerOperations_TC4 -->
