<?xml version="1.0" encoding="UTF-8"?>
<!-- Generated by org.testng.reporters.JUnitReportReporter -->
<testsuite hostname="VI-TENXLABS05" name="com.viteos.veda.master.seriestestscripts.SeriesMaster_MakerOperations_TC1" tests="1" failures="0" timestamp="10 May 2016 14:53:17 GMT" time="96.725" errors="0">
  <testcase name="test" time="96.725" classname="com.viteos.veda.master.seriestestscripts.SeriesMaster_MakerOperations_TC1"/>
</testsuite> <!-- com.viteos.veda.master.seriestestscripts.SeriesMaster_MakerOperations_TC1 -->
