<?xml version="1.0" encoding="UTF-8"?>
<!-- Generated by org.testng.reporters.JUnitReportReporter -->
<testsuite hostname="VI-TENXLABS05" name="com.test.VerifyAddingNewBankDetails" tests="1" failures="0" timestamp="6 Feb 2016 11:34:01 GMT" time="9.420" errors="0">
  <testcase name="f" time="9.420" classname="com.test.VerifyAddingNewBankDetails"/>
</testsuite> <!-- com.test.VerifyAddingNewBankDetails -->
