<?xml version="1.0" encoding="UTF-8"?>
<!-- Generated by org.testng.reporters.JUnitReportReporter -->
<testsuite hostname="VI-TENXLABS05" name="com.viteos.veda.master.legalentitytestscripts.LegalEntityFeeder_MakerOperations_TC3" tests="1" failures="0" timestamp="10 May 2016 10:52:55 GMT" time="107.064" errors="0">
  <testcase name="addNewLegalEntity" time="107.064" classname="com.viteos.veda.master.legalentitytestscripts.LegalEntityFeeder_MakerOperations_TC3"/>
</testsuite> <!-- com.viteos.veda.master.legalentitytestscripts.LegalEntityFeeder_MakerOperations_TC3 -->
