<?xml version="1.0" encoding="UTF-8"?>
<!-- Generated by org.testng.reporters.JUnitReportReporter -->
<testsuite hostname="VI-TENXLABS05" name="com.test.OpeningBalanceMaster_ActivateMakerOperations_TS10" tests="1" failures="0" timestamp="10 Feb 2016 09:29:11 GMT" time="37.983" errors="0">
  <testcase name="VerifyOpeneingBalanceCheckerOperations" time="37.983" classname="com.test.OpeningBalanceMaster_ActivateMakerOperations_TS10"/>
</testsuite> <!-- com.test.OpeningBalanceMaster_ActivateMakerOperations_TS10 -->
