<?xml version="1.0" encoding="UTF-8"?>
<!-- Generated by org.testng.reporters.JUnitReportReporter -->
<testsuite hostname="VI-TENXLABS05" name="com.viteos.veda.transaction.transferscripts.Transfer_CheckerOperations_TS2" tests="1" failures="0" timestamp="28 Apr 2016 11:31:23 GMT" time="289.624" errors="0">
  <testcase name="testCheckerOperations" time="289.624" classname="com.viteos.veda.transaction.transferscripts.Transfer_CheckerOperations_TS2"/>
</testsuite> <!-- com.viteos.veda.transaction.transferscripts.Transfer_CheckerOperations_TS2 -->
