<?xml version="1.0" encoding="UTF-8"?>
<!-- Generated by org.testng.reporters.JUnitReportReporter -->
<testsuite hostname="VI-TENXLAB1" name="com.viteos.veda.master.clienttestscripts.ClientMaster_TC1" tests="1" failures="0" timestamp="12 Dec 2015 12:54:06 GMT" time="53.688" errors="0">
  <testcase name="test" time="53.688" classname="com.viteos.veda.master.clienttestscripts.ClientMaster_TC1"/>
</testsuite> <!-- com.viteos.veda.master.clienttestscripts.ClientMaster_TC1 -->
