<?xml version="1.0" encoding="UTF-8"?>
<!-- Generated by org.testng.reporters.JUnitReportReporter -->
<testsuite hostname="VI-TENXLAB3" name="com.viteos.veda.master.seriestestscripts.SeriesMaster_DeactivateCheckerOperaations_TC6" tests="1" failures="0" timestamp="13 Jan 2016 23:08:06 GMT" time="55.157" errors="0">
  <testcase name="testCheckerOperations" time="55.157" classname="com.viteos.veda.master.seriestestscripts.SeriesMaster_DeactivateCheckerOperaations_TC6"/>
</testsuite> <!-- com.viteos.veda.master.seriestestscripts.SeriesMaster_DeactivateCheckerOperaations_TC6 -->
