<?xml version="1.0" encoding="UTF-8"?>
<!-- Generated by org.testng.reporters.JUnitReportReporter -->
<testsuite hostname="VI-TENXLAB3" name="com.viteos.veda.master.formulatestscripts.FormulaSetupMaster_ModifyMakerOperations_TC3" tests="1" failures="0" timestamp="7 Jan 2016 09:34:07 GMT" time="434.983" errors="0">
  <testcase name="testSearchFunctions" time="434.983" classname="com.viteos.veda.master.formulatestscripts.FormulaSetupMaster_ModifyMakerOperations_TC3"/>
</testsuite> <!-- com.viteos.veda.master.formulatestscripts.FormulaSetupMaster_ModifyMakerOperations_TC3 -->
