<?xml version="1.0" encoding="UTF-8"?>
<!-- Generated by org.testng.reporters.JUnitReportReporter -->
<testsuite hostname="VI-TENXLABS05" name="com.viteos.veda.master.legalentitytestscripts.LegalEntityMaster_CheckerOperations_TC2" tests="1" failures="0" timestamp="10 May 2016 10:52:55 GMT" time="33.519" errors="0">
  <testcase name="testCheckerOperations" time="33.519" classname="com.viteos.veda.master.legalentitytestscripts.LegalEntityMaster_CheckerOperations_TC2"/>
</testsuite> <!-- com.viteos.veda.master.legalentitytestscripts.LegalEntityMaster_CheckerOperations_TC2 -->
