<?xml version="1.0" encoding="UTF-8"?>
<!-- Generated by org.testng.reporters.JUnitReportReporter -->
<testsuite hostname="VI-TENXLAB4" name="com.viteos.veda.master.parametertestscripts.ParameterMaster_DeActivateCheckerOperations_TC8" tests="1" failures="0" timestamp="16 Jan 2016 02:54:51 GMT" time="253.711" errors="0">
  <testcase name="testCheckerOperations" time="253.711" classname="com.viteos.veda.master.parametertestscripts.ParameterMaster_DeActivateCheckerOperations_TC8"/>
</testsuite> <!-- com.viteos.veda.master.parametertestscripts.ParameterMaster_DeActivateCheckerOperations_TC8 -->
