<?xml version="1.0" encoding="UTF-8"?>
<!-- Generated by org.testng.reporters.JUnitReportReporter -->
<testsuite hostname="VI-TENXLABS05" name="com.viteos.veda.master.holdertestscripts.HolderMaster_CheckerOperations_TS2" tests="1" failures="0" timestamp="12 Apr 2016 18:05:35 GMT" time="52.950" errors="0">
  <testcase name="testHolderCheckerOperations" time="52.950" classname="com.viteos.veda.master.holdertestscripts.HolderMaster_CheckerOperations_TS2"/>
</testsuite> <!-- com.viteos.veda.master.holdertestscripts.HolderMaster_CheckerOperations_TS2 -->
