<?xml version="1.0" encoding="UTF-8"?>
<!-- Generated by org.testng.reporters.JUnitReportReporter -->
<testsuite hostname="VI-TENXLABS05" name="com.viteos.veda.transaction.exchangetestscripts.CheckerReviewedOrReturnedExchangeMakerOperation_TS3" tests="1" failures="0" timestamp="29 Apr 2016 11:46:16 GMT" time="174.860" errors="0">
  <testcase name="vefifyCheckerOperations" time="174.860" classname="com.viteos.veda.transaction.exchangetestscripts.CheckerReviewedOrReturnedExchangeMakerOperation_TS3"/>
</testsuite> <!-- com.viteos.veda.transaction.exchangetestscripts.CheckerReviewedOrReturnedExchangeMakerOperation_TS3 -->
