<?xml version="1.0" encoding="UTF-8"?>
<!-- Generated by org.testng.reporters.JUnitReportReporter -->
<testsuite hostname="VI-TENXLAB3" name="com.viteos.veda.transaction.transferscripts.Transfer_CheckerOperations_TestScript_TC2" tests="1" failures="0" timestamp="4 Mar 2016 18:28:08 GMT" time="193.078" errors="0">
  <testcase name="testCheckerOperations" time="193.078" classname="com.viteos.veda.transaction.transferscripts.Transfer_CheckerOperations_TestScript_TC2"/>
</testsuite> <!-- com.viteos.veda.transaction.transferscripts.Transfer_CheckerOperations_TestScript_TC2 -->
