<?xml version="1.0" encoding="UTF-8"?>
<!-- Generated by org.testng.reporters.JUnitReportReporter -->
<testsuite hostname="VI-TENXLAB1" name="com.viteos.veda.master.legalentitytestscripts.LegalEntity_CheckerActivateOperations_TC11" tests="1" failures="0" timestamp="14 Jan 2016 05:27:19 GMT" time="412.469" errors="0">
  <testcase name="testSearchFunctions" time="412.469" classname="com.viteos.veda.master.legalentitytestscripts.LegalEntity_CheckerActivateOperations_TC11"/>
</testsuite> <!-- com.viteos.veda.master.legalentitytestscripts.LegalEntity_CheckerActivateOperations_TC11 -->
