<?xml version="1.0" encoding="UTF-8"?>
<!-- Generated by org.testng.reporters.JUnitReportReporter -->
<testsuite hostname="VI-TENXLAB4" name="com.viteos.veda.master.parametertestscripts.ParametersMaster_MakerOperations_TS3" tests="1" failures="0" timestamp="16 Jan 2016 01:04:06 GMT" time="22.599" errors="0">
  <testcase name="testMaker" time="22.599" classname="com.viteos.veda.master.parametertestscripts.ParametersMaster_MakerOperations_TS3"/>
</testsuite> <!-- com.viteos.veda.master.parametertestscripts.ParametersMaster_MakerOperations_TS3 -->
