<?xml version="1.0" encoding="UTF-8"?>
<!-- Generated by org.testng.reporters.JUnitReportReporter -->
<testsuite hostname="VI-TENXLABS05" name="com.viteos.veda.usermanagement.usertestscripts.UserModify_TestScript_TC1" tests="1" failures="0" timestamp="19 Feb 2016 11:26:52 GMT" time="81.431" errors="0">
  <testcase name="addUser" time="81.431" classname="com.viteos.veda.usermanagement.usertestscripts.UserModify_TestScript_TC1"/>
</testsuite> <!-- com.viteos.veda.usermanagement.usertestscripts.UserModify_TestScript_TC1 -->
