<?xml version="1.0" encoding="UTF-8"?>
<!-- Generated by org.testng.reporters.JUnitReportReporter -->
<testsuite hostname="VI-TENXLABS05" name="com.viteos.veda.master.legalentitytestscripts.LegalEntityFeeder_CheckerOperations_TC4" tests="1" failures="0" timestamp="10 May 2016 10:52:55 GMT" time="42.248" errors="0">
  <testcase name="testCheckerOperations" time="42.248" classname="com.viteos.veda.master.legalentitytestscripts.LegalEntityFeeder_CheckerOperations_TC4"/>
</testsuite> <!-- com.viteos.veda.master.legalentitytestscripts.LegalEntityFeeder_CheckerOperations_TC4 -->
