<?xml version="1.0" encoding="UTF-8"?>
<!-- Generated by org.testng.reporters.JUnitReportReporter -->
<testsuite hostname="VI-TENXLAB1" name="com.viteos.veda.master.fftestscripts.AddNewFundFamily" tests="1" failures="0" timestamp="14 Dec 2015 12:24:36 GMT" time="140.925" errors="0">
  <testcase name="addNewFundFamily" time="140.925" classname="com.viteos.veda.master.fftestscripts.AddNewFundFamily"/>
</testsuite> <!-- com.viteos.veda.master.fftestscripts.AddNewFundFamily -->
