<?xml version="1.0" encoding="UTF-8"?>
<!-- Generated by org.testng.reporters.JUnitReportReporter -->
<testsuite hostname="VI-TENXLABS05" name="com.viteos.veda.master.fftestscripts.FundFamilyMaster_MakerOperations_TC1" tests="1" failures="0" timestamp="10 May 2016 10:39:34 GMT" time="16.400" errors="0">
  <testcase name="addNewFundFamily" time="16.400" classname="com.viteos.veda.master.fftestscripts.FundFamilyMaster_MakerOperations_TC1"/>
</testsuite> <!-- com.viteos.veda.master.fftestscripts.FundFamilyMaster_MakerOperations_TC1 -->
