<?xml version="1.0" encoding="UTF-8"?>
<!-- Generated by org.testng.reporters.JUnitReportReporter -->
<testsuite hostname="VI-TENXLAB1" name="com.viteos.veda.master.clienttestscripts.ClientMaster_SearchAndClearValidation" tests="1" failures="0" timestamp="14 Dec 2015 14:21:27 GMT" time="43.365" errors="0">
  <testcase name="test" time="43.365" classname="com.viteos.veda.master.clienttestscripts.ClientMaster_SearchAndClearValidation"/>
</testsuite> <!-- com.viteos.veda.master.clienttestscripts.ClientMaster_SearchAndClearValidation -->
