<?xml version="1.0" encoding="UTF-8"?>
<!-- Generated by org.testng.reporters.JUnitReportReporter -->
<testsuite hostname="VI-TENXLAB3" name="com.viteos.veda.master.investoraccountmastertestscripts.InvestorAccountMaster_DeactivateMakerOperations_TC3" tests="1" failures="0" timestamp="29 Jan 2016 19:21:40 GMT" time="42.362" errors="0">
  <testcase name="testSearchFunctions" time="42.362" classname="com.viteos.veda.master.investoraccountmastertestscripts.InvestorAccountMaster_DeactivateMakerOperations_TC3"/>
</testsuite> <!-- com.viteos.veda.master.investoraccountmastertestscripts.InvestorAccountMaster_DeactivateMakerOperations_TC3 -->
