<?xml version="1.0" encoding="UTF-8"?>
<!-- Generated by org.testng.reporters.JUnitReportReporter -->
<testsuite hostname="VI-TENXLAB2" name="com.viteos.veda.master.incentivefeetestscripts.IncentiveFeeMaster_MakerOperations_TS1" tests="1" failures="0" timestamp="16 Jan 2016 04:55:05 GMT" time="220.620" errors="0">
  <testcase name="testMaker" time="220.620" classname="com.viteos.veda.master.incentivefeetestscripts.IncentiveFeeMaster_MakerOperations_TS1"/>
</testsuite> <!-- com.viteos.veda.master.incentivefeetestscripts.IncentiveFeeMaster_MakerOperations_TS1 -->
