<?xml version="1.0" encoding="UTF-8"?>
<!-- Generated by org.testng.reporters.JUnitReportReporter -->
<testsuite hostname="VI-TENXLABS05" name="com.viteos.veda.transaction.tradesearchtestscripts.Trade_Modify_Cancel_Delete_MakerOperations" tests="1" failures="0" timestamp="11 May 2016 15:38:01 GMT" time="52.958" errors="0">
  <testcase name="testCheckerOperations" time="52.958" classname="com.viteos.veda.transaction.tradesearchtestscripts.Trade_Modify_Cancel_Delete_MakerOperations"/>
</testsuite> <!-- com.viteos.veda.transaction.tradesearchtestscripts.Trade_Modify_Cancel_Delete_MakerOperations -->
