<?xml version="1.0" encoding="UTF-8"?>
<!-- Generated by org.testng.reporters.JUnitReportReporter -->
<testsuite hostname="VI-TENXLAB1" name="com.viteos.veda.master.clienttestscripts.ClientMaster_Fieldvalidations" tests="1" failures="0" timestamp="16 Dec 2015 07:54:47 GMT" time="56.313" errors="0">
  <testcase name="test" time="56.313" classname="com.viteos.veda.master.clienttestscripts.ClientMaster_Fieldvalidations"/>
</testsuite> <!-- com.viteos.veda.master.clienttestscripts.ClientMaster_Fieldvalidations -->
