<?xml version="1.0" encoding="UTF-8"?>
<!-- Generated by org.testng.reporters.JUnitReportReporter -->
<testsuite hostname="VI-TENXLAB3" name="com.viteos.veda.master.formulatestscripts.FormulaSetupMaster_ActivateCheckerOperations_TC8" tests="1" failures="0" timestamp="15 Jan 2016 22:36:27 GMT" time="46.231" errors="0">
  <testcase name="testCheckerOperations" time="46.231" classname="com.viteos.veda.master.formulatestscripts.FormulaSetupMaster_ActivateCheckerOperations_TC8"/>
</testsuite> <!-- com.viteos.veda.master.formulatestscripts.FormulaSetupMaster_ActivateCheckerOperations_TC8 -->
