<?xml version="1.0" encoding="UTF-8"?>
<!-- Generated by org.testng.reporters.JUnitReportReporter -->
<testsuite hostname="VI-TENXLABS05" name="com.viteos.veda.usermanagement.usertestscripts.UserModify_TestScript_TC5" tests="1" failures="0" timestamp="19 Feb 2016 11:31:38 GMT" time="76.352" errors="0">
  <testcase name="addUser" time="76.352" classname="com.viteos.veda.usermanagement.usertestscripts.UserModify_TestScript_TC5"/>
</testsuite> <!-- com.viteos.veda.usermanagement.usertestscripts.UserModify_TestScript_TC5 -->
