<?xml version="1.0" encoding="UTF-8"?>
<!-- Generated by org.testng.reporters.JUnitReportReporter -->
<testsuite hostname="VI-TENXLABS05" name="com.viteos.veda.master.investoraccountmastertestscripts.InvestorAccountMaster_MakerOperations_TC1" tests="1" failures="0" timestamp="10 May 2016 16:38:51 GMT" time="138.004" errors="0">
  <testcase name="testMaker" time="138.004" classname="com.viteos.veda.master.investoraccountmastertestscripts.InvestorAccountMaster_MakerOperations_TC1"/>
</testsuite> <!-- com.viteos.veda.master.investoraccountmastertestscripts.InvestorAccountMaster_MakerOperations_TC1 -->
