<?xml version="1.0" encoding="UTF-8"?>
<!-- Generated by org.testng.reporters.JUnitReportReporter -->
<testsuite hostname="VI-TENXLABS05" name="com.viteos.veda.transaction.transferscripts.Transfer_VerifyViewButtons_TC3" tests="1" failures="0" timestamp="10 Mar 2016 14:03:01 GMT" time="363.648" errors="0">
  <testcase name="test" time="363.648" classname="com.viteos.veda.transaction.transferscripts.Transfer_VerifyViewButtons_TC3"/>
</testsuite> <!-- com.viteos.veda.transaction.transferscripts.Transfer_VerifyViewButtons_TC3 -->
