<?xml version="1.0" encoding="UTF-8"?>
<!-- Generated by org.testng.reporters.JUnitReportReporter -->
<testsuite hostname="VI-TENXLABS05" name="com.com.test.ClientMaster_checkerOprations" tests="1" failures="0" timestamp="30 Jan 2016 14:27:15 GMT" time="10.985" errors="0">
  <testcase name="f" time="10.985" classname="com.com.test.ClientMaster_checkerOprations"/>
</testsuite> <!-- com.com.test.ClientMaster_checkerOprations -->
