<?xml version="1.0" encoding="UTF-8"?>
<!-- Generated by org.testng.reporters.JUnitReportReporter -->
<testsuite hostname="VI-TENXLABS05" name="com.viteos.veda.com.viteos.veda.allocationreports.AllocationComparisonReports_TS1" tests="1" failures="0" timestamp="10 Jun 2016 11:38:58 GMT" time="1.508" errors="0">
  <testcase name="allocationComparisonReports" time="1.508" classname="com.viteos.veda.com.viteos.veda.allocationreports.AllocationComparisonReports_TS1"/>
</testsuite> <!-- com.viteos.veda.com.viteos.veda.allocationreports.AllocationComparisonReports_TS1 -->
