<?xml version="1.0" encoding="UTF-8"?>
<!-- Generated by org.testng.reporters.JUnitReportReporter -->
<testsuite hostname="VI-TENXLABS05" name="com.viteos.veda.master.investortestscripts.InvestorMaster_CheckerOperations_TS2" tests="1" failures="0" timestamp="10 May 2016 16:30:40 GMT" time="102.989" errors="0">
  <testcase name="addNewLegalEntity" time="102.989" classname="com.viteos.veda.master.investortestscripts.InvestorMaster_CheckerOperations_TS2"/>
</testsuite> <!-- com.viteos.veda.master.investortestscripts.InvestorMaster_CheckerOperations_TS2 -->
