<?xml version="1.0" encoding="UTF-8"?>
<!-- Generated by org.testng.reporters.JUnitReportReporter -->
<testsuite hostname="VI-TENXLAB3" name="com.viteos.veda.master.seriestestscripts.SeriesMaster_ActivateMakerOperations_TC7" tests="1" failures="0" timestamp="13 Jan 2016 23:08:06 GMT" time="32.367" errors="0">
  <testcase name="testSearchFunctions" time="32.367" classname="com.viteos.veda.master.seriestestscripts.SeriesMaster_ActivateMakerOperations_TC7"/>
</testsuite> <!-- com.viteos.veda.master.seriestestscripts.SeriesMaster_ActivateMakerOperations_TC7 -->
