<?xml version="1.0" encoding="UTF-8"?>
<!-- Generated by org.testng.reporters.JUnitReportReporter -->
<testsuite hostname="VI-TENXLABS05" name="com.test.Sample" tests="1" failures="0" timestamp="5 Feb 2016 16:18:10 GMT" time="0.004" errors="0">
  <testcase name="test" time="0.004" classname="com.test.Sample"/>
</testsuite> <!-- com.test.Sample -->
