<?xml version="1.0" encoding="UTF-8"?>
<!-- Generated by org.testng.reporters.JUnitReportReporter -->
<testsuite hostname="VI-TENXLABS05" name="com.viteos.veda.master.openingbalancetestscripts.OpeningBalanceMaster_ModifyMakerOperations_TS3" tests="1" failures="0" timestamp="11 Feb 2016 10:05:50 GMT" time="114.974" errors="0">
  <testcase name="testSearchFunctions" time="114.974" classname="com.viteos.veda.master.openingbalancetestscripts.OpeningBalanceMaster_ModifyMakerOperations_TS3"/>
</testsuite> <!-- com.viteos.veda.master.openingbalancetestscripts.OpeningBalanceMaster_ModifyMakerOperations_TS3 -->
