<?xml version="1.0" encoding="UTF-8"?>
<!-- Generated by org.testng.reporters.JUnitReportReporter -->
<testsuite hostname="VI-TENXLAB3" name="com.viteos.veda.master.parametertestscripts.ParameterMaster_ActivateCheckerOperations_TC10" tests="1" failures="0" timestamp="12 Jan 2016 15:09:33 GMT" time="126.480" errors="0">
  <testcase name="testCheckerOperations" time="126.480" classname="com.viteos.veda.master.parametertestscripts.ParameterMaster_ActivateCheckerOperations_TC10"/>
</testsuite> <!-- com.viteos.veda.master.parametertestscripts.ParameterMaster_ActivateCheckerOperations_TC10 -->
