<?xml version="1.0" encoding="UTF-8"?>
<!-- Generated by org.testng.reporters.JUnitReportReporter -->
<testsuite hostname="VI-TENXLABS05" name="com.viteos.veda.master.feedersubscriptiontestscripts.FeederSubscriptionMaster_MakerOperations_TS1" tests="1" failures="0" timestamp="11 May 2016 10:36:23 GMT" time="62.762" errors="0">
  <testcase name="testMakerOperations" time="62.762" classname="com.viteos.veda.master.feedersubscriptiontestscripts.FeederSubscriptionMaster_MakerOperations_TS1"/>
</testsuite> <!-- com.viteos.veda.master.feedersubscriptiontestscripts.FeederSubscriptionMaster_MakerOperations_TS1 -->
