<?xml version="1.0" encoding="UTF-8"?>
<!-- Generated by org.testng.reporters.JUnitReportReporter -->
<testsuite hostname="VI-TENXLAB1" name="com.viteos.veda.transaction.subscriptiontestscripts.VerifyViewButtons_TestScripts_TC3" tests="1" failures="0" timestamp="15 Feb 2016 11:22:08 GMT" time="46.920" errors="0">
  <testcase name="test" time="46.920" classname="com.viteos.veda.transaction.subscriptiontestscripts.VerifyViewButtons_TestScripts_TC3"/>
</testsuite> <!-- com.viteos.veda.transaction.subscriptiontestscripts.VerifyViewButtons_TestScripts_TC3 -->
