<?xml version="1.0" encoding="UTF-8"?>
<!-- Generated by org.testng.reporters.JUnitReportReporter -->
<testsuite hostname="VI-TENXLABS05" name="com.viteos.veda.transaction.transferscripts.TransferCheckerReviewed_CheckerOperations_TC5" tests="1" failures="0" timestamp="12 Apr 2016 18:05:35 GMT" time="57.823" errors="0">
  <testcase name="testCheckerOperations" time="57.823" classname="com.viteos.veda.transaction.transferscripts.TransferCheckerReviewed_CheckerOperations_TC5"/>
</testsuite> <!-- com.viteos.veda.transaction.transferscripts.TransferCheckerReviewed_CheckerOperations_TC5 -->
