<?xml version="1.0" encoding="UTF-8"?>
<!-- Generated by org.testng.reporters.JUnitReportReporter -->
<testsuite hostname="VI-TENXLAB3" name="com.viteos.veda.master.formulatestscripts.FormulaSetupMaster_ActivateMakerOperations_TC7" tests="1" failures="0" timestamp="15 Jan 2016 22:33:09 GMT" time="24.251" errors="0">
  <testcase name="testSearchFunctions" time="24.251" classname="com.viteos.veda.master.formulatestscripts.FormulaSetupMaster_ActivateMakerOperations_TC7"/>
</testsuite> <!-- com.viteos.veda.master.formulatestscripts.FormulaSetupMaster_ActivateMakerOperations_TC7 -->
