<?xml version="1.0" encoding="UTF-8"?>
<!-- Generated by org.testng.reporters.JUnitReportReporter -->
<testsuite hostname="VI-TENXLAB3" name="com.viteos.veda.master.parametertestscripts.ParametersMaster_MakerOperations_TS1" tests="1" failures="0" timestamp="2 Jan 2016 18:13:13 GMT" time="0.089" errors="0">
  <testcase name="testMaker" time="0.089" classname="com.viteos.veda.master.parametertestscripts.ParametersMaster_MakerOperations_TS1"/>
</testsuite> <!-- com.viteos.veda.master.parametertestscripts.ParametersMaster_MakerOperations_TS1 -->
