<?xml version="1.0" encoding="UTF-8"?>
<!-- Generated by org.testng.reporters.JUnitReportReporter -->
<testsuite hostname="VI-TENXLAB4" name="com.viteos.veda.master.parametertestscripts.ParameterMaster_ModifyCheckerOperations_TC6" tests="1" failures="0" timestamp="16 Jan 2016 00:39:47 GMT" time="42.117" errors="0">
  <testcase name="testCheckerOperations" time="42.117" classname="com.viteos.veda.master.parametertestscripts.ParameterMaster_ModifyCheckerOperations_TC6"/>
</testsuite> <!-- com.viteos.veda.master.parametertestscripts.ParameterMaster_ModifyCheckerOperations_TC6 -->
