<?xml version="1.0" encoding="UTF-8"?>
<!-- Generated by org.testng.reporters.JUnitReportReporter -->
<testsuite hostname="VI-TENXLABS05" name="com.viteos.veda.transaction.redemptiontestscripts.RedemptionCheckerOperation_TS2" tests="1" failures="0" timestamp="2 Jun 2016 14:45:41 GMT" time="77.637" errors="0">
  <testcase name="vefifyCheckerOperations" time="77.637" classname="com.viteos.veda.transaction.redemptiontestscripts.RedemptionCheckerOperation_TS2"/>
</testsuite> <!-- com.viteos.veda.transaction.redemptiontestscripts.RedemptionCheckerOperation_TS2 -->
