<?xml version="1.0" encoding="UTF-8"?>
<!-- Generated by org.testng.reporters.JUnitReportReporter -->
<testsuite hostname="VI-TENXLABS05" name="com.viteos.veda.master.feederredemptiontestscripts.FeederRedemptionMaster_MakerOperations_TS1" tests="1" failures="0" timestamp="11 May 2016 11:01:44 GMT" time="59.717" errors="0">
  <testcase name="testMakerOperations" time="59.717" classname="com.viteos.veda.master.feederredemptiontestscripts.FeederRedemptionMaster_MakerOperations_TS1"/>
</testsuite> <!-- com.viteos.veda.master.feederredemptiontestscripts.FeederRedemptionMaster_MakerOperations_TS1 -->
