<?xml version="1.0" encoding="UTF-8"?>
<!-- Generated by org.testng.reporters.JUnitReportReporter -->
<testsuite hostname="VI-TENXLAB3" name="com.viteos.veda.master.clienttestscripts.ClientMaster_ActivateCheckerOperations_TC8" tests="1" failures="0" timestamp="13 Jan 2016 13:59:51 GMT" time="119.994" errors="0">
  <testcase name="testCheckerOperations" time="119.994" classname="com.viteos.veda.master.clienttestscripts.ClientMaster_ActivateCheckerOperations_TC8"/>
</testsuite> <!-- com.viteos.veda.master.clienttestscripts.ClientMaster_ActivateCheckerOperations_TC8 -->
