<?xml version="1.0" encoding="UTF-8"?>
<!-- Generated by org.testng.reporters.JUnitReportReporter -->
<testsuite hostname="VI-TENXLABS05" name="com.viteos.veda.master.classtestscripts.ClassMaster_CheckerOperations_TC2" tests="1" failures="0" timestamp="10 May 2016 14:46:55 GMT" time="59.160" errors="0">
  <testcase name="testClassCheckerOperationsWithoutClone" time="59.160" classname="com.viteos.veda.master.classtestscripts.ClassMaster_CheckerOperations_TC2"/>
</testsuite> <!-- com.viteos.veda.master.classtestscripts.ClassMaster_CheckerOperations_TC2 -->
