<?xml version="1.0" encoding="UTF-8"?>
<!-- Generated by org.testng.reporters.JUnitReportReporter -->
<testsuite hostname="VI-TENXLABS05" name="com.test.CheckerOperations_TS2" tests="1" failures="0" timestamp="4 Feb 2016 15:28:59 GMT" time="15.987" errors="0">
  <testcase name="vefifyCheckerOperations" time="15.987" classname="com.test.CheckerOperations_TS2"/>
</testsuite> <!-- com.test.CheckerOperations_TS2 -->
