<?xml version="1.0" encoding="UTF-8"?>
<!-- Generated by org.testng.reporters.JUnitReportReporter -->
<testsuite hostname="VI-TENXLAB3" name="com.viteos.veda.master.formulatestscripts.FormulaSetupMaster_MakerOperations_TC1" tests="1" failures="0" timestamp="7 Jan 2016 09:34:07 GMT" time="33.843" errors="0">
  <testcase name="test" time="33.843" classname="com.viteos.veda.master.formulatestscripts.FormulaSetupMaster_MakerOperations_TC1"/>
</testsuite> <!-- com.viteos.veda.master.formulatestscripts.FormulaSetupMaster_MakerOperations_TC1 -->
