<?xml version="1.0" encoding="UTF-8"?>
<!-- Generated by org.testng.reporters.JUnitReportReporter -->
<testsuite hostname="VI-TENXLAB4" name="com.viteos.veda.master.parametertestscripts.ParametersMaster_ActivateMakerOperations_TS9" tests="1" failures="0" timestamp="16 Jan 2016 01:31:57 GMT" time="20.570" errors="0">
  <testcase name="testSearchFunctions" time="20.570" classname="com.viteos.veda.master.parametertestscripts.ParametersMaster_ActivateMakerOperations_TS9"/>
</testsuite> <!-- com.viteos.veda.master.parametertestscripts.ParametersMaster_ActivateMakerOperations_TS9 -->
