<?xml version="1.0" encoding="UTF-8"?>
<!-- Generated by org.testng.reporters.JUnitReportReporter -->
<testsuite hostname="VI-TENXLAB3" name="com.viteos.veda.master.managementfeetestscripts.ManagementFeeMaster_MakerOperations_TS1" tests="1" failures="0" timestamp="15 Jan 2016 20:19:02 GMT" time="176.994" errors="0">
  <testcase name="testMaker" time="176.994" classname="com.viteos.veda.master.managementfeetestscripts.ManagementFeeMaster_MakerOperations_TS1"/>
</testsuite> <!-- com.viteos.veda.master.managementfeetestscripts.ManagementFeeMaster_MakerOperations_TS1 -->
