<?xml version="1.0" encoding="UTF-8"?>
<!-- Generated by org.testng.reporters.JUnitReportReporter -->
<testsuite hostname="VI-TENXLAB1" name="com.viteos.veda.usermanagement.usertestscripts.User_Modify_TestScript_TC1" tests="1" failures="0" timestamp="29 Jan 2016 16:18:42 GMT" time="134.495" errors="0">
  <testcase name="addUser" time="134.495" classname="com.viteos.veda.usermanagement.usertestscripts.User_Modify_TestScript_TC1"/>
</testsuite> <!-- com.viteos.veda.usermanagement.usertestscripts.User_Modify_TestScript_TC1 -->
