<?xml version="1.0" encoding="UTF-8"?>
<!-- Generated by org.testng.reporters.JUnitReportReporter -->
<testsuite hostname="VI-TENXLABS05" name="com.viteos.veda.transaction.exchangetestscripts.CreatingMakerExchange_TS1" tests="1" failures="0" timestamp="11 May 2016 10:08:12 GMT" time="172.147" errors="0">
  <testcase name="test" time="172.147" classname="com.viteos.veda.transaction.exchangetestscripts.CreatingMakerExchange_TS1"/>
</testsuite> <!-- com.viteos.veda.transaction.exchangetestscripts.CreatingMakerExchange_TS1 -->
