<?xml version="1.0" encoding="UTF-8"?>
<!-- Generated by org.testng.reporters.JUnitReportReporter -->
<testsuite hostname="VI-TENXLABS05" name="com.viteos.veda.master.feedersubscriptiontestscripts.FeederSubscriptionMaster_CheckerOperations_TS2" tests="1" failures="0" timestamp="11 May 2016 10:37:15 GMT" time="32.940" errors="0">
  <testcase name="testCheckerOperations" time="32.940" classname="com.viteos.veda.master.feedersubscriptiontestscripts.FeederSubscriptionMaster_CheckerOperations_TS2"/>
</testsuite> <!-- com.viteos.veda.master.feedersubscriptiontestscripts.FeederSubscriptionMaster_CheckerOperations_TS2 -->
