<?xml version="1.0" encoding="UTF-8"?>
<!-- Generated by org.testng.reporters.JUnitReportReporter -->
<testsuite hostname="VI-TENXLABS05" name="com.viteos.veda.transaction.transferscripts.Transfer_MakerOperations_TS1" tests="1" failures="0" timestamp="28 Apr 2016 11:26:03 GMT" time="791.097" errors="0">
  <testcase name="test" time="791.097" classname="com.viteos.veda.transaction.transferscripts.Transfer_MakerOperations_TS1"/>
</testsuite> <!-- com.viteos.veda.transaction.transferscripts.Transfer_MakerOperations_TS1 -->
