<?xml version="1.0" encoding="UTF-8"?>
<!-- Generated by org.testng.reporters.JUnitReportReporter -->
<testsuite hostname="VI-TENXLABS05" name="com.viteos.veda.master.clienttestscripts.ClientMaster_MakerOperations_TC1" tests="1" failures="0" timestamp="9 Jun 2016 11:50:30 GMT" time="35.140" errors="0">
  <testcase name="test" time="35.140" classname="com.viteos.veda.master.clienttestscripts.ClientMaster_MakerOperations_TC1"/>
</testsuite> <!-- com.viteos.veda.master.clienttestscripts.ClientMaster_MakerOperations_TC1 -->
