<?xml version="1.0" encoding="UTF-8"?>
<!-- Generated by org.testng.reporters.JUnitReportReporter -->
<testsuite hostname="VI-TENXLABS05" name="com.viteos.veda.transaction.subscriptiontestscripts.SubscriptionCheckerOperation_TC2" tests="1" failures="0" timestamp="12 Apr 2016 18:05:35 GMT" time="301.063" errors="0">
  <testcase name="vefifyCheckerOperations" time="301.063" classname="com.viteos.veda.transaction.subscriptiontestscripts.SubscriptionCheckerOperation_TC2"/>
</testsuite> <!-- com.viteos.veda.transaction.subscriptiontestscripts.SubscriptionCheckerOperation_TC2 -->
