<?xml version="1.0" encoding="UTF-8"?>
<!-- Generated by org.testng.reporters.JUnitReportReporter -->
<testsuite hostname="VI-TENXLABS05" name="com.viteos.veda.transaction.transferscripts.Transfer_TestScript_TC1" tests="1" failures="0" timestamp="25 Feb 2016 14:55:01 GMT" time="605.520" errors="0">
  <testcase name="test" time="605.520" classname="com.viteos.veda.transaction.transferscripts.Transfer_TestScript_TC1"/>
</testsuite> <!-- com.viteos.veda.transaction.transferscripts.Transfer_TestScript_TC1 -->
