<?xml version="1.0" encoding="UTF-8"?>
<!-- Generated by org.testng.reporters.JUnitReportReporter -->
<testsuite hostname="VI-TENXLABS05" name="com.viteos.veda.transaction.redemptiontestscripts.CreatingMakerRedemption_TS1" tests="1" failures="0" timestamp="2 Jun 2016 16:10:01 GMT" time="173.337" errors="0">
  <testcase name="test" time="173.337" classname="com.viteos.veda.transaction.redemptiontestscripts.CreatingMakerRedemption_TS1"/>
</testsuite> <!-- com.viteos.veda.transaction.redemptiontestscripts.CreatingMakerRedemption_TS1 -->
