<?xml version="1.0" encoding="UTF-8"?>
<!-- Generated by org.testng.reporters.JUnitReportReporter -->
<testsuite hostname="VI-TENXLAB3" name="com.viteos.veda.master.seriestestscripts.SeriesMaster_DeactivateMakerOperations_TC5" tests="1" failures="0" timestamp="13 Jan 2016 23:08:06 GMT" time="33.587" errors="0">
  <testcase name="testSearchFunctions" time="33.587" classname="com.viteos.veda.master.seriestestscripts.SeriesMaster_DeactivateMakerOperations_TC5"/>
</testsuite> <!-- com.viteos.veda.master.seriestestscripts.SeriesMaster_DeactivateMakerOperations_TC5 -->
