<?xml version="1.0" encoding="UTF-8"?>
<!-- Generated by org.testng.reporters.JUnitReportReporter -->
<testsuite hostname="VI-TENXLAB3" name="com.viteos.veda.master.formulatestscripts.FormulaSetupMaster_ModifyCheckerOperations_TC4" tests="1" failures="0" timestamp="7 Jan 2016 09:34:07 GMT" time="204.045" errors="0">
  <testcase name="testCheckerOperations" time="204.045" classname="com.viteos.veda.master.formulatestscripts.FormulaSetupMaster_ModifyCheckerOperations_TC4"/>
</testsuite> <!-- com.viteos.veda.master.formulatestscripts.FormulaSetupMaster_ModifyCheckerOperations_TC4 -->
