<?xml version="1.0" encoding="UTF-8"?>
<!-- Generated by org.testng.reporters.JUnitReportReporter -->
<testsuite hostname="VI-TENXLAB3" name="com.viteos.veda.master.fftestscripts.FundFamilyMaster_ActivateMakerOperations_TC7" tests="1" failures="0" timestamp="13 Jan 2016 18:45:43 GMT" time="30.170" errors="0">
  <testcase name="testSearchFunctions" time="30.170" classname="com.viteos.veda.master.fftestscripts.FundFamilyMaster_ActivateMakerOperations_TC7"/>
</testsuite> <!-- com.viteos.veda.master.fftestscripts.FundFamilyMaster_ActivateMakerOperations_TC7 -->
