<?xml version="1.0" encoding="UTF-8"?>
<!-- Generated by org.testng.reporters.JUnitReportReporter -->
<testsuite hostname="VI-TENXLABS05" name="com.test.CheckerOperationsFieldValidations_TS3" tests="1" failures="0" timestamp="5 Feb 2016 17:54:22 GMT" time="291.973" errors="0">
  <testcase name="verifySubscriptionCheckerFieldValidations" time="291.973" classname="com.test.CheckerOperationsFieldValidations_TS3"/>
</testsuite> <!-- com.test.CheckerOperationsFieldValidations_TS3 -->
