<?xml version="1.0" encoding="UTF-8"?>
<!-- Generated by org.testng.reporters.JUnitReportReporter -->
<testsuite hostname="VI-TENXLAB1" name="com.viteos.veda.master.fftestscripts.FundFamilyMaster_SearchAndClearValidation" tests="1" failures="0" timestamp="14 Dec 2015 14:31:22 GMT" time="12.502" errors="0">
  <testcase name="test" time="12.502" classname="com.viteos.veda.master.fftestscripts.FundFamilyMaster_SearchAndClearValidation"/>
</testsuite> <!-- com.viteos.veda.master.fftestscripts.FundFamilyMaster_SearchAndClearValidation -->
