<?xml version="1.0" encoding="UTF-8"?>
<!-- Generated by org.testng.reporters.JUnitReportReporter -->
<testsuite hostname="VI-TENXLAB2" name="com.viteos.veda.master.incentivefeetestscripts.IncentiveFeeMaster_CheckerModifyOperations_TS4" tests="1" failures="0" timestamp="16 Jan 2016 04:55:05 GMT" time="242.237" errors="0">
  <testcase name="testCheckerOperations" time="242.237" classname="com.viteos.veda.master.incentivefeetestscripts.IncentiveFeeMaster_CheckerModifyOperations_TS4"/>
</testsuite> <!-- com.viteos.veda.master.incentivefeetestscripts.IncentiveFeeMaster_CheckerModifyOperations_TS4 -->
