<?xml version="1.0" encoding="UTF-8"?>
<!-- Generated by org.testng.reporters.JUnitReportReporter -->
<testsuite hostname="VI-TENXLAB1" name="com.viteos.veda.master.legalentitytestscripts.LegalEntityMaster_ModifyMakerOperations_TC5" tests="1" failures="0" timestamp="30 Dec 2015 03:32:29 GMT" time="1868.408" errors="0">
  <testcase name="testSearchFunctions" time="1868.408" classname="com.viteos.veda.master.legalentitytestscripts.LegalEntityMaster_ModifyMakerOperations_TC5"/>
</testsuite> <!-- com.viteos.veda.master.legalentitytestscripts.LegalEntityMaster_ModifyMakerOperations_TC5 -->
