<?xml version="1.0" encoding="UTF-8"?>
<!-- Generated by org.testng.reporters.JUnitReportReporter -->
<testsuite hostname="VI-TENXLABS05" name="com.test.OpeningBalanceMaster_DeactivateMakerOperations_TS8" tests="1" failures="0" timestamp="10 Feb 2016 09:37:19 GMT" time="39.898" errors="0">
  <testcase name="VerifyOpeneingBalanceCheckerOperations" time="39.898" classname="com.test.OpeningBalanceMaster_DeactivateMakerOperations_TS8"/>
</testsuite> <!-- com.test.OpeningBalanceMaster_DeactivateMakerOperations_TS8 -->
