<?xml version="1.0" encoding="UTF-8"?>
<!-- Generated by org.testng.reporters.JUnitReportReporter -->
<testsuite hostname="VI-TENXLAB2" name="com.viteos.veda.usermanagement.grouptestscripts.Group_ModifyOrVerifyTestScript_TC2" tests="1" failures="0" timestamp="28 Jan 2016 20:32:33 GMT" time="230.970" errors="0">
  <testcase name="modifyCreatedGroup" time="230.970" classname="com.viteos.veda.usermanagement.grouptestscripts.Group_ModifyOrVerifyTestScript_TC2"/>
</testsuite> <!-- com.viteos.veda.usermanagement.grouptestscripts.Group_ModifyOrVerifyTestScript_TC2 -->
