<?xml version="1.0" encoding="UTF-8"?>
<!-- Generated by org.testng.reporters.JUnitReportReporter -->
<testsuite hostname="VI-TENXLABS05" name="com.viteos.veda.usermanagement.grouptestscripts.GroupCreationTestScript_TC1" tests="1" failures="0" timestamp="19 Feb 2016 11:17:58 GMT" time="147.011" errors="0">
  <testcase name="groupCreation" time="147.011" classname="com.viteos.veda.usermanagement.grouptestscripts.GroupCreationTestScript_TC1"/>
</testsuite> <!-- com.viteos.veda.usermanagement.grouptestscripts.GroupCreationTestScript_TC1 -->
