<?xml version="1.0" encoding="UTF-8"?>
<!-- Generated by org.testng.reporters.JUnitReportReporter -->
<testsuite hostname="VI-TENXLABS05" name="com.viteos.veda.transaction.subscriptiontestscripts.CreateSubscription_TestScript_TC1" tests="1" failures="0" timestamp="12 Apr 2016 18:05:35 GMT" time="823.776" errors="0">
  <testcase name="test" time="823.776" classname="com.viteos.veda.transaction.subscriptiontestscripts.CreateSubscription_TestScript_TC1"/>
</testsuite> <!-- com.viteos.veda.transaction.subscriptiontestscripts.CreateSubscription_TestScript_TC1 -->
