<?xml version="1.0" encoding="UTF-8"?>
<!-- Generated by org.testng.reporters.JUnitReportReporter -->
<testsuite hostname="VI-TENXLAB1" name="com.viteos.veda.master.legalentitytestscripts.LegalEntity_MakerDeactivateOperations_TC8" tests="1" failures="0" timestamp="14 Jan 2016 05:27:19 GMT" time="272.161" errors="0">
  <testcase name="testSearchFunctions" time="272.161" classname="com.viteos.veda.master.legalentitytestscripts.LegalEntity_MakerDeactivateOperations_TC8"/>
</testsuite> <!-- com.viteos.veda.master.legalentitytestscripts.LegalEntity_MakerDeactivateOperations_TC8 -->
