<?xml version="1.0" encoding="UTF-8"?>
<!-- Generated by org.testng.reporters.JUnitReportReporter -->
<testsuite hostname="VI-TENXLABS05" name="com.viteos.veda.transaction.exchangetestscripts.CheckerReviewedOrReturnedExchangeCheckerOperations_TS4" tests="1" failures="0" timestamp="29 Apr 2016 12:29:58 GMT" time="240.107" errors="0">
  <testcase name="verifyCheckerOperations" time="240.107" classname="com.viteos.veda.transaction.exchangetestscripts.CheckerReviewedOrReturnedExchangeCheckerOperations_TS4"/>
</testsuite> <!-- com.viteos.veda.transaction.exchangetestscripts.CheckerReviewedOrReturnedExchangeCheckerOperations_TS4 -->
