<?xml version="1.0" encoding="UTF-8"?>
<!-- Generated by org.testng.reporters.JUnitReportReporter -->
<testsuite hostname="VI-TENXLAB4" name="com.viteos.veda.master.parametertestscripts.ParametersMaster_CheckerOperations_TS2" tests="1" failures="0" timestamp="16 Jan 2016 03:01:10 GMT" time="48.909" errors="0">
  <testcase name="testCheckerOperations" time="48.909" classname="com.viteos.veda.master.parametertestscripts.ParametersMaster_CheckerOperations_TS2"/>
</testsuite> <!-- com.viteos.veda.master.parametertestscripts.ParametersMaster_CheckerOperations_TS2 -->
