<?xml version="1.0" encoding="UTF-8"?>
<!-- Generated by org.testng.reporters.JUnitReportReporter -->
<testsuite hostname="VI-TENXLABS05" name="com.viteos.veda.transaction.switchtestscripts.Switch_MakerOperations_TS1" tests="1" failures="0" timestamp="11 May 2016 09:25:37 GMT" time="86.796" errors="0">
  <testcase name="test" time="86.796" classname="com.viteos.veda.transaction.switchtestscripts.Switch_MakerOperations_TS1"/>
</testsuite> <!-- com.viteos.veda.transaction.switchtestscripts.Switch_MakerOperations_TS1 -->
