<?xml version="1.0" encoding="UTF-8"?>
<!-- Generated by org.testng.reporters.JUnitReportReporter -->
<testsuite hostname="VI-TENXLAB1" name="com.viteos.veda.master.classtestscripts.ClassMaster_ModifyMakerOperations_TC5" tests="1" failures="0" timestamp="16 Jan 2016 04:08:54 GMT" time="125.841" errors="0">
  <testcase name="testSearchFunctions" time="125.841" classname="com.viteos.veda.master.classtestscripts.ClassMaster_ModifyMakerOperations_TC5"/>
</testsuite> <!-- com.viteos.veda.master.classtestscripts.ClassMaster_ModifyMakerOperations_TC5 -->
