<?xml version="1.0" encoding="UTF-8"?>
<!-- Generated by org.testng.reporters.JUnitReportReporter -->
<testsuite hostname="VI-TENXLAB4" name="com.viteos.veda.master.parametertestscripts.ParametersMaster_DeactivateMakerOperations_TS7" tests="1" failures="0" timestamp="16 Jan 2016 02:48:23 GMT" time="37.521" errors="0">
  <testcase name="testSearchFunctions" time="37.521" classname="com.viteos.veda.master.parametertestscripts.ParametersMaster_DeactivateMakerOperations_TS7"/>
</testsuite> <!-- com.viteos.veda.master.parametertestscripts.ParametersMaster_DeactivateMakerOperations_TS7 -->
