<?xml version="1.0" encoding="UTF-8"?>
<!-- Generated by org.testng.reporters.JUnitReportReporter -->
<testsuite hostname="VI-TENXLABS05" name="com.test.AddingFeederSubscriptionInTrades" tests="1" failures="0" timestamp="8 Feb 2016 10:44:57 GMT" time="385.228" errors="0">
  <testcase name="f" time="385.228" classname="com.test.AddingFeederSubscriptionInTrades"/>
</testsuite> <!-- com.test.AddingFeederSubscriptionInTrades -->
