<?xml version="1.0" encoding="UTF-8"?>
<!-- Generated by org.testng.reporters.JUnitReportReporter -->
<testsuite hostname="VI-TENXLAB1" name="com.viteos.veda.master.investortestscripts.InvestorMaster_ModifyMakerOperations_TS3" tests="1" failures="0" timestamp="4 Feb 2016 17:36:13 GMT" time="71.734" errors="0">
  <testcase name="testSearchFunctions" time="71.734" classname="com.viteos.veda.master.investortestscripts.InvestorMaster_ModifyMakerOperations_TS3"/>
</testsuite> <!-- com.viteos.veda.master.investortestscripts.InvestorMaster_ModifyMakerOperations_TS3 -->
