<?xml version="1.0" encoding="UTF-8"?>
<!-- Generated by org.testng.reporters.JUnitReportReporter -->
<testsuite hostname="VI-TENXLAB3" name="com.viteos.veda.master.parametertestscripts.ParameterTestCase_01" tests="1" failures="0" timestamp="5 Jan 2016 13:09:07 GMT" time="15.252" errors="0">
  <testcase name="test" time="15.252" classname="com.viteos.veda.master.parametertestscripts.ParameterTestCase_01"/>
</testsuite> <!-- com.viteos.veda.master.parametertestscripts.ParameterTestCase_01 -->
