<?xml version="1.0" encoding="UTF-8"?>
<!-- Generated by org.testng.reporters.JUnitReportReporter -->
<testsuite hostname="VI-TENXLAB1" name="com.viteos.veda.master.legalentitytestscripts.LegalEntity_VerifyClonedValues" tests="1" failures="0" timestamp="27 Dec 2015 01:15:34 GMT" time="52.384" errors="0">
  <testcase name="addNewLegalEntity" time="52.384" classname="com.viteos.veda.master.legalentitytestscripts.LegalEntity_VerifyClonedValues"/>
</testsuite> <!-- com.viteos.veda.master.legalentitytestscripts.LegalEntity_VerifyClonedValues -->
