<?xml version="1.0" encoding="UTF-8"?>
<!-- Generated by org.testng.reporters.JUnitReportReporter -->
<testsuite hostname="VI-TENXLAB1" name="com.viteos.veda.master.legalentitytestscripts.LegalEntity_MakerActivateOperations_TC10" tests="1" failures="0" timestamp="14 Jan 2016 05:27:19 GMT" time="145.310" errors="0">
  <testcase name="testSearchFunctions" time="145.310" classname="com.viteos.veda.master.legalentitytestscripts.LegalEntity_MakerActivateOperations_TC10"/>
</testsuite> <!-- com.viteos.veda.master.legalentitytestscripts.LegalEntity_MakerActivateOperations_TC10 -->
