<?xml version="1.0" encoding="UTF-8"?>
<!-- Generated by org.testng.reporters.JUnitReportReporter -->
<testsuite hostname="VI-TENXLAB2" name="com.viteos.veda.usermanagement.roletestscripts.RoleActivateScript_TC4" tests="1" failures="0" timestamp="28 Jan 2016 20:32:33 GMT" time="148.010" errors="0">
  <testcase name="activate" time="148.010" classname="com.viteos.veda.usermanagement.roletestscripts.RoleActivateScript_TC4"/>
</testsuite> <!-- com.viteos.veda.usermanagement.roletestscripts.RoleActivateScript_TC4 -->
