<?xml version="1.0" encoding="UTF-8"?>
<!-- Generated by org.testng.reporters.JUnitReportReporter -->
<testsuite hostname="VI-TENXLAB1" name="com.viteos.veda.master.classtestscripts.ClassMaster_ModifyCheckerOperations_TC6" tests="1" failures="0" timestamp="16 Jan 2016 04:08:54 GMT" time="111.295" errors="0">
  <testcase name="testCheckerOperations" time="111.295" classname="com.viteos.veda.master.classtestscripts.ClassMaster_ModifyCheckerOperations_TC6"/>
</testsuite> <!-- com.viteos.veda.master.classtestscripts.ClassMaster_ModifyCheckerOperations_TC6 -->
