<?xml version="1.0" encoding="UTF-8"?>
<!-- Generated by org.testng.reporters.JUnitReportReporter -->
<testsuite hostname="VI-TENXLAB1" name="com.viteos.veda.master.classtestscripts.ClassMaster_CheckerDeactivateOperations_TC9" tests="1" failures="0" timestamp="16 Jan 2016 04:08:54 GMT" time="46.551" errors="0">
  <testcase name="testSearchFunctions" time="46.551" classname="com.viteos.veda.master.classtestscripts.ClassMaster_CheckerDeactivateOperations_TC9"/>
</testsuite> <!-- com.viteos.veda.master.classtestscripts.ClassMaster_CheckerDeactivateOperations_TC9 -->
