<?xml version="1.0" encoding="UTF-8"?>
<!-- Generated by org.testng.reporters.JUnitReportReporter -->
<testsuite hostname="VI-TENXLABS05" name="com.viteos.veda.master.openingbalancetestscripts.OpeningBalanceMaster_CheckerOperations_TS2" tests="1" failures="0" timestamp="11 May 2016 07:22:26 GMT" time="145.919" errors="0">
  <testcase name="testCheckerOperations" time="145.919" classname="com.viteos.veda.master.openingbalancetestscripts.OpeningBalanceMaster_CheckerOperations_TS2"/>
</testsuite> <!-- com.viteos.veda.master.openingbalancetestscripts.OpeningBalanceMaster_CheckerOperations_TS2 -->
