<?xml version="1.0" encoding="UTF-8"?>
<!-- Generated by org.testng.reporters.JUnitReportReporter -->
<testsuite hostname="VI-TENXLAB3" name="com.viteos.veda.master.seriestestscripts.SeriesMaster_CheckerOperations_TS2" tests="1" failures="0" timestamp="5 Jan 2016 22:13:43 GMT" time="131.020" errors="0">
  <testcase name="testCheckerOperations" time="131.020" classname="com.viteos.veda.master.seriestestscripts.SeriesMaster_CheckerOperations_TS2"/>
</testsuite> <!-- com.viteos.veda.master.seriestestscripts.SeriesMaster_CheckerOperations_TS2 -->
