<?xml version="1.0" encoding="UTF-8"?>
<!-- Generated by org.testng.reporters.JUnitReportReporter -->
<testsuite hostname="VI-TENXLAB1" name="com.viteos.veda.master.classtestscripts.ClassClone_MakerOperations_TC3" tests="1" failures="0" timestamp="30 Dec 2015 18:30:50 GMT" time="102.671" errors="0">
  <testcase name="addNewClassWithClone" time="102.671" classname="com.viteos.veda.master.classtestscripts.ClassClone_MakerOperations_TC3"/>
</testsuite> <!-- com.viteos.veda.master.classtestscripts.ClassClone_MakerOperations_TC3 -->
